c:\users\calde\onedrive - inacap\portafolio\programming_language\c++\clrdesktop.net\clrdesktop.net\x64\debug\vc143.pdb
c:\users\calde\onedrive - inacap\portafolio\programming_language\c++\clrdesktop.net\clrdesktop.net\x64\debug\.netframework,version=v4.7.2.assemblyattributes.obj
c:\users\calde\onedrive - inacap\portafolio\programming_language\c++\clrdesktop.net\clrdesktop.net\x64\debug\myform.obj
c:\users\calde\onedrive - inacap\portafolio\programming_language\c++\clrdesktop.net\x64\debug\clrdesktop.net.exe
c:\users\calde\onedrive - inacap\portafolio\programming_language\c++\clrdesktop.net\clrdesktop.net\x64\debug\clrdesktop.net.vcxproj.generateresource.cache
c:\users\calde\onedrive - inacap\portafolio\programming_language\c++\clrdesktop.net\clrdesktop.net\x64\debug\clrdesktopnet.myform.resources
c:\users\calde\onedrive - inacap\portafolio\programming_language\c++\clrdesktop.net\x64\debug\clrdesktop.net.pdb
c:\users\calde\onedrive - inacap\portafolio\programming_language\c++\clrdesktop.net\clrdesktop.net\x64\debug\clrdesktop.net.tlog\cl.command.1.tlog
c:\users\calde\onedrive - inacap\portafolio\programming_language\c++\clrdesktop.net\clrdesktop.net\x64\debug\clrdesktop.net.tlog\cl.read.1.tlog
c:\users\calde\onedrive - inacap\portafolio\programming_language\c++\clrdesktop.net\clrdesktop.net\x64\debug\clrdesktop.net.tlog\cl.write.1.tlog
c:\users\calde\onedrive - inacap\portafolio\programming_language\c++\clrdesktop.net\clrdesktop.net\x64\debug\clrdesktop.net.tlog\link.19116-cvtres.read.1.tlog
c:\users\calde\onedrive - inacap\portafolio\programming_language\c++\clrdesktop.net\clrdesktop.net\x64\debug\clrdesktop.net.tlog\link.19116-cvtres.write.1.tlog
c:\users\calde\onedrive - inacap\portafolio\programming_language\c++\clrdesktop.net\clrdesktop.net\x64\debug\clrdesktop.net.tlog\link.19116-rc.read.1.tlog
c:\users\calde\onedrive - inacap\portafolio\programming_language\c++\clrdesktop.net\clrdesktop.net\x64\debug\clrdesktop.net.tlog\link.19116-rc.write.1.tlog
c:\users\calde\onedrive - inacap\portafolio\programming_language\c++\clrdesktop.net\clrdesktop.net\x64\debug\clrdesktop.net.tlog\link.19116.read.1.tlog
c:\users\calde\onedrive - inacap\portafolio\programming_language\c++\clrdesktop.net\clrdesktop.net\x64\debug\clrdesktop.net.tlog\link.19116.read.2.tlog
c:\users\calde\onedrive - inacap\portafolio\programming_language\c++\clrdesktop.net\clrdesktop.net\x64\debug\clrdesktop.net.tlog\link.19116.write.1.tlog
c:\users\calde\onedrive - inacap\portafolio\programming_language\c++\clrdesktop.net\clrdesktop.net\x64\debug\clrdesktop.net.tlog\link.7040-cvtres.read.1.tlog
c:\users\calde\onedrive - inacap\portafolio\programming_language\c++\clrdesktop.net\clrdesktop.net\x64\debug\clrdesktop.net.tlog\link.7040-cvtres.write.1.tlog
c:\users\calde\onedrive - inacap\portafolio\programming_language\c++\clrdesktop.net\clrdesktop.net\x64\debug\clrdesktop.net.tlog\link.7040-rc.read.1.tlog
c:\users\calde\onedrive - inacap\portafolio\programming_language\c++\clrdesktop.net\clrdesktop.net\x64\debug\clrdesktop.net.tlog\link.7040-rc.write.1.tlog
c:\users\calde\onedrive - inacap\portafolio\programming_language\c++\clrdesktop.net\clrdesktop.net\x64\debug\clrdesktop.net.tlog\link.7040.read.1.tlog
c:\users\calde\onedrive - inacap\portafolio\programming_language\c++\clrdesktop.net\clrdesktop.net\x64\debug\clrdesktop.net.tlog\link.7040.read.2.tlog
c:\users\calde\onedrive - inacap\portafolio\programming_language\c++\clrdesktop.net\clrdesktop.net\x64\debug\clrdesktop.net.tlog\link.7040.write.1.tlog
c:\users\calde\onedrive - inacap\portafolio\programming_language\c++\clrdesktop.net\clrdesktop.net\x64\debug\clrdesktop.net.tlog\link.command.1.tlog
c:\users\calde\onedrive - inacap\portafolio\programming_language\c++\clrdesktop.net\clrdesktop.net\x64\debug\clrdesktop.net.tlog\link.read.1.tlog
c:\users\calde\onedrive - inacap\portafolio\programming_language\c++\clrdesktop.net\clrdesktop.net\x64\debug\clrdesktop.net.tlog\link.read.2.tlog
c:\users\calde\onedrive - inacap\portafolio\programming_language\c++\clrdesktop.net\clrdesktop.net\x64\debug\clrdesktop.net.tlog\link.write.1.tlog
c:\users\calde\onedrive - inacap\portafolio\programming_language\c++\clrdesktop.net\clrdesktop.net\x64\debug\clrdesktop.net.tlog\metagen.read.1.tlog
c:\users\calde\onedrive - inacap\portafolio\programming_language\c++\clrdesktop.net\clrdesktop.net\x64\debug\clrdesktop.net.tlog\metagen.write.1.tlog
c:\users\calde\onedrive - inacap\portafolio\programming_language\c++\clrdesktop.net\clrdesktop.net\x64\debug\clrdesktop.net.tlog\resgen.command.1.tlog
c:\users\calde\onedrive - inacap\portafolio\programming_language\c++\clrdesktop.net\clrdesktop.net\x64\debug\clrdesktop.net.tlog\resgen.read.1.tlog
c:\users\calde\onedrive - inacap\portafolio\programming_language\c++\clrdesktop.net\clrdesktop.net\x64\debug\clrdesktop.net.tlog\resgen.write.1.tlog
